
Gurobi 11.0.0 (win64, gurobi_cl) logging started Wed Feb 14 13:29:47 2024

Set parameter Username
Set parameter LogFile to value "gurobi.log"
Using license file C:\Users\USER\gurobi.lic
Academic license - for non-commercial use only - expires 2025-01-11

Gurobi 11.0.0 (win64, gurobi_cl) logging started Wed Feb 14 13:31:15 2024

Set parameter Username
Set parameter LogFile to value "gurobi.log"
Using license file C:\Users\USER\gurobi.lic
Academic license - for non-commercial use only - expires 2025-01-11

Gurobi 11.0.0 (win64, gurobi_cl) logging started Wed Feb 14 15:31:15 2024

Set parameter Username
Set parameter LogFile to value "gurobi.log"
Using license file C:\Users\USER\gurobi.lic
Academic license - for non-commercial use only - expires 2025-01-11

Gurobi 11.0.0 (win64, gurobi_cl) logging started Wed Feb 14 15:36:57 2024

Set parameter Username
Set parameter LogFile to value "gurobi.log"
Using license file C:\Users\USER\gurobi.lic
Academic license - for non-commercial use only - expires 2025-01-11

Gurobi 11.0.0 (win64, gurobi_cl) logging started Wed Feb 14 15:43:18 2024

Set parameter Username
Set parameter LogFile to value "gurobi.log"
Using license file C:\Users\USER\gurobi.lic
Academic license - for non-commercial use only - expires 2025-01-11

Gurobi 11.0.0 (win64, gurobi_cl) logging started Wed Feb 14 15:44:11 2024

Set parameter Username
Set parameter LogFile to value "gurobi.log"
Using license file C:\Users\USER\gurobi.lic
Academic license - for non-commercial use only - expires 2025-01-11

Gurobi 11.0.0 (win64, gurobi_cl) logging started Wed Feb 14 15:49:05 2024

Set parameter Username
Set parameter LogFile to value "gurobi.log"
Using license file C:\Users\USER\gurobi.lic
Academic license - for non-commercial use only - expires 2025-01-11

Gurobi 11.0.0 (win64, gurobi_cl) logging started Wed Feb 14 15:49:40 2024

Set parameter Username
Set parameter LogFile to value "gurobi.log"
Using license file C:\Users\USER\gurobi.lic
Academic license - for non-commercial use only - expires 2025-01-11

Gurobi 11.0.0 (win64, gurobi_cl) logging started Wed Feb 14 15:56:48 2024

Set parameter Username
Set parameter LogFile to value "gurobi.log"
Using license file C:\Users\USER\gurobi.lic
Academic license - for non-commercial use only - expires 2025-01-11

Gurobi 11.0.0 (win64, gurobi_cl) logging started Wed Feb 14 16:48:11 2024

Set parameter Username
Set parameter LogFile to value "gurobi.log"
Using license file C:\Users\USER\gurobi.lic
Academic license - for non-commercial use only - expires 2025-01-11

Gurobi 11.0.0 (win64, gurobi_cl) logging started Thu Feb 15 15:01:19 2024

Set parameter Username
Set parameter LogFile to value "gurobi.log"
Using license file C:\Users\USER\gurobi.lic
Academic license - for non-commercial use only - expires 2025-01-11

Gurobi 11.0.0 (win64, gurobi_cl) logging started Sat Feb 17 03:01:44 2024

Set parameter Username
Set parameter LogFile to value "gurobi.log"
Using license file C:\Users\firuz\gurobi.lic
Academic license - for non-commercial use only - expires 2025-02-15

Gurobi 11.0.0 (win64, gurobi_cl) logging started Sat Feb 17 03:09:45 2024

Set parameter Username
Set parameter LogFile to value "gurobi.log"
Using license file C:\Users\firuz\gurobi.lic
Academic license - for non-commercial use only - expires 2025-02-15

Gurobi 11.0.0 (win64, gurobi_cl) logging started Sat Feb 17 03:10:17 2024

Set parameter Username
Set parameter LogFile to value "gurobi.log"
Using license file C:\Users\firuz\gurobi.lic
Academic license - for non-commercial use only - expires 2025-02-15

Gurobi 11.0.0 (win64, gurobi_cl) logging started Sat Feb 17 04:24:37 2024

Set parameter Username
Set parameter LogFile to value "gurobi.log"
Using license file C:\Users\firuz\gurobi.lic
Academic license - for non-commercial use only - expires 2025-02-15

Gurobi 11.0.0 (win64, gurobi_cl) logging started Sat Feb 17 04:31:19 2024

Set parameter Username
Set parameter LogFile to value "gurobi.log"
Using license file C:\Users\firuz\gurobi.lic
Academic license - for non-commercial use only - expires 2025-02-15

Gurobi 11.0.0 (win64, gurobi_cl) logging started Sun Feb 18 01:48:41 2024

Set parameter Username
Set parameter LogFile to value "gurobi.log"
Using license file C:\Users\firuz\gurobi.lic
Academic license - for non-commercial use only - expires 2025-02-15

Gurobi 11.0.0 (win64, gurobi_cl) logging started Sun Feb 18 01:49:07 2024

Set parameter Username
Set parameter LogFile to value "gurobi.log"
Using license file C:\Users\firuz\gurobi.lic
Academic license - for non-commercial use only - expires 2025-02-15

Gurobi 11.0.0 (win64, gurobi_cl) logging started Sun Feb 18 01:50:24 2024

Set parameter Username
Set parameter LogFile to value "gurobi.log"
Using license file C:\Users\firuz\gurobi.lic
Academic license - for non-commercial use only - expires 2025-02-15

Gurobi 11.0.0 (win64, gurobi_cl) logging started Sun Feb 18 01:50:32 2024

Set parameter Username
Set parameter LogFile to value "gurobi.log"
Using license file C:\Users\firuz\gurobi.lic
Academic license - for non-commercial use only - expires 2025-02-15

Gurobi 11.0.0 (win64, gurobi_cl) logging started Sun Feb 18 01:51:01 2024

Set parameter Username
Set parameter LogFile to value "gurobi.log"
Using license file C:\Users\firuz\gurobi.lic
Academic license - for non-commercial use only - expires 2025-02-15

Gurobi 11.0.0 (win64, gurobi_cl) logging started Sun Feb 18 01:51:43 2024

Set parameter Username
Set parameter LogFile to value "gurobi.log"
Using license file C:\Users\firuz\gurobi.lic
Academic license - for non-commercial use only - expires 2025-02-15

Gurobi 11.0.0 (win64, gurobi_cl) logging started Sun Feb 18 01:51:47 2024

Set parameter Username
Set parameter LogFile to value "gurobi.log"
Using license file C:\Users\firuz\gurobi.lic
Academic license - for non-commercial use only - expires 2025-02-15

Gurobi 11.0.0 (win64, gurobi_cl) logging started Sun Feb 18 01:51:50 2024

Set parameter Username
Set parameter LogFile to value "gurobi.log"
Using license file C:\Users\firuz\gurobi.lic
Academic license - for non-commercial use only - expires 2025-02-15

Gurobi 11.0.0 (win64, gurobi_cl) logging started Sun Feb 18 01:52:01 2024

Set parameter Username
Set parameter LogFile to value "gurobi.log"
Using license file C:\Users\firuz\gurobi.lic
Academic license - for non-commercial use only - expires 2025-02-15

Gurobi 11.0.0 (win64, gurobi_cl) logging started Sun Feb 18 01:52:33 2024

Set parameter Username
Set parameter LogFile to value "gurobi.log"
Using license file C:\Users\firuz\gurobi.lic
Academic license - for non-commercial use only - expires 2025-02-15

Gurobi 11.0.0 (win64, gurobi_cl) logging started Sun Feb 18 01:53:56 2024

Set parameter Username
Set parameter LogFile to value "gurobi.log"
Using license file C:\Users\firuz\gurobi.lic
Academic license - for non-commercial use only - expires 2025-02-15

Gurobi 11.0.0 (win64, gurobi_cl) logging started Sun Feb 18 03:35:54 2024

Set parameter Username
Set parameter LogFile to value "gurobi.log"
Using license file C:\Users\firuz\gurobi.lic
Academic license - for non-commercial use only - expires 2025-02-15

Gurobi 11.0.0 (win64, gurobi_cl) logging started Sun Feb 18 03:46:55 2024

Set parameter Username
Set parameter LogFile to value "gurobi.log"
Using license file C:\Users\firuz\gurobi.lic
Academic license - for non-commercial use only - expires 2025-02-15

Gurobi 11.0.0 (win64, gurobi_cl) logging started Sun Feb 18 03:47:27 2024

Set parameter Username
Set parameter LogFile to value "gurobi.log"
Using license file C:\Users\firuz\gurobi.lic
Academic license - for non-commercial use only - expires 2025-02-15

Gurobi 11.0.0 (win64, gurobi_cl) logging started Sun Feb 18 03:58:05 2024

Set parameter Username
Set parameter LogFile to value "gurobi.log"
Using license file C:\Users\firuz\gurobi.lic
Academic license - for non-commercial use only - expires 2025-02-15

Gurobi 11.0.0 (win64, gurobi_cl) logging started Sun Feb 18 04:08:44 2024

Set parameter Username
Set parameter LogFile to value "gurobi.log"
Using license file C:\Users\firuz\gurobi.lic
Academic license - for non-commercial use only - expires 2025-02-15

Gurobi 11.0.0 (win64, gurobi_cl) logging started Sun Feb 18 15:03:37 2024

Set parameter Username
Set parameter LogFile to value "gurobi.log"
Using license file C:\Users\firuz\gurobi.lic
Academic license - for non-commercial use only - expires 2025-02-15

Gurobi 11.0.0 (win64, gurobi_cl) logging started Sun Feb 18 15:03:42 2024

Set parameter Username
Set parameter LogFile to value "gurobi.log"
Using license file C:\Users\firuz\gurobi.lic
Academic license - for non-commercial use only - expires 2025-02-15

Gurobi 11.0.0 (win64, gurobi_cl) logging started Sun Feb 18 15:03:48 2024

Set parameter Username
Set parameter LogFile to value "gurobi.log"
Using license file C:\Users\firuz\gurobi.lic
Academic license - for non-commercial use only - expires 2025-02-15

Gurobi 11.0.0 (win64, gurobi_cl) logging started Sun Feb 18 15:04:26 2024

Set parameter Username
Set parameter LogFile to value "gurobi.log"
Using license file C:\Users\firuz\gurobi.lic
Academic license - for non-commercial use only - expires 2025-02-15

Gurobi 11.0.0 (win64, gurobi_cl) logging started Sun Feb 18 15:04:49 2024

Set parameter Username
Set parameter LogFile to value "gurobi.log"
Using license file C:\Users\firuz\gurobi.lic
Academic license - for non-commercial use only - expires 2025-02-15

Gurobi 11.0.0 (win64, gurobi_cl) logging started Sun Feb 18 15:37:05 2024

Set parameter Username
Set parameter LogFile to value "gurobi.log"
Using license file C:\Users\firuz\gurobi.lic
Academic license - for non-commercial use only - expires 2025-02-15

Gurobi 11.0.0 (win64, gurobi_cl) logging started Sun Feb 18 15:37:57 2024

Set parameter Username
Set parameter LogFile to value "gurobi.log"
Using license file C:\Users\firuz\gurobi.lic
Academic license - for non-commercial use only - expires 2025-02-15

Gurobi 11.0.0 (win64, gurobi_cl) logging started Sun Feb 18 15:40:56 2024

Set parameter Username
Set parameter LogFile to value "gurobi.log"
Using license file C:\Users\firuz\gurobi.lic
Academic license - for non-commercial use only - expires 2025-02-15

Gurobi 11.0.0 (win64, gurobi_cl) logging started Sun Feb 18 15:41:46 2024

Set parameter Username
Set parameter LogFile to value "gurobi.log"
Using license file C:\Users\firuz\gurobi.lic
Academic license - for non-commercial use only - expires 2025-02-15

Gurobi 11.0.0 (win64, gurobi_cl) logging started Sun Feb 18 16:11:22 2024

Set parameter Username
Set parameter LogFile to value "gurobi.log"
Using license file C:\Users\firuz\gurobi.lic
Academic license - for non-commercial use only - expires 2025-02-15

Gurobi 11.0.0 (win64, gurobi_cl) logging started Sun Feb 18 16:23:39 2024

Set parameter Username
Set parameter LogFile to value "gurobi.log"
Using license file C:\Users\firuz\gurobi.lic
Academic license - for non-commercial use only - expires 2025-02-15

Gurobi 11.0.0 (win64, gurobi_cl) logging started Sun Feb 18 18:37:45 2024

Set parameter Username
Set parameter LogFile to value "gurobi.log"
Using license file C:\Users\firuz\gurobi.lic
Academic license - for non-commercial use only - expires 2025-02-15

Gurobi 11.0.0 (win64, gurobi_cl) logging started Sun Feb 18 19:01:52 2024

Set parameter Username
Set parameter LogFile to value "gurobi.log"
Using license file C:\Users\firuz\gurobi.lic
Academic license - for non-commercial use only - expires 2025-02-15

Gurobi 11.0.0 (win64, gurobi_cl) logging started Sun Feb 18 20:50:16 2024

Set parameter Username
Set parameter LogFile to value "gurobi.log"
Using license file C:\Users\firuz\gurobi.lic
Academic license - for non-commercial use only - expires 2025-02-15

Gurobi 11.0.0 (win64, gurobi_cl) logging started Sun Feb 18 21:06:05 2024

Set parameter Username
Set parameter LogFile to value "gurobi.log"
Using license file C:\Users\firuz\gurobi.lic
Academic license - for non-commercial use only - expires 2025-02-15

Gurobi 11.0.0 (win64, gurobi_cl) logging started Sun Feb 18 21:18:00 2024

Set parameter Username
Set parameter LogFile to value "gurobi.log"
Using license file C:\Users\firuz\gurobi.lic
Academic license - for non-commercial use only - expires 2025-02-15

Gurobi 11.0.0 (win64, gurobi_cl) logging started Sun Feb 18 21:19:16 2024

Set parameter Username
Set parameter LogFile to value "gurobi.log"
Using license file C:\Users\firuz\gurobi.lic
Academic license - for non-commercial use only - expires 2025-02-15

Gurobi 11.0.0 (win64, gurobi_cl) logging started Sun Feb 18 21:26:30 2024

Set parameter Username
Set parameter LogFile to value "gurobi.log"
Using license file C:\Users\firuz\gurobi.lic
Academic license - for non-commercial use only - expires 2025-02-15

Gurobi 11.0.0 (win64, gurobi_cl) logging started Sun Feb 18 21:26:46 2024

Set parameter Username
Set parameter LogFile to value "gurobi.log"
Using license file C:\Users\firuz\gurobi.lic
Academic license - for non-commercial use only - expires 2025-02-15

Gurobi 11.0.0 (win64, gurobi_cl) logging started Sun Feb 18 21:27:17 2024

Set parameter Username
Set parameter LogFile to value "gurobi.log"
Using license file C:\Users\firuz\gurobi.lic
Academic license - for non-commercial use only - expires 2025-02-15

Gurobi 11.0.0 (win64, gurobi_cl) logging started Tue Feb 20 16:18:12 2024

Set parameter Username
Set parameter LogFile to value "gurobi.log"
Using license file C:\Users\firuz\gurobi.lic
Academic license - for non-commercial use only - expires 2025-02-15

Gurobi 11.0.0 (win64, gurobi_cl) logging started Tue Feb 20 16:19:32 2024

Set parameter Username
Set parameter LogFile to value "gurobi.log"
Using license file C:\Users\firuz\gurobi.lic
Academic license - for non-commercial use only - expires 2025-02-15

Gurobi 11.0.0 (win64, gurobi_cl) logging started Tue Feb 20 16:20:39 2024

Set parameter Username
Set parameter LogFile to value "gurobi.log"
Using license file C:\Users\firuz\gurobi.lic
Academic license - for non-commercial use only - expires 2025-02-15

Gurobi 11.0.0 (win64, gurobi_cl) logging started Tue Feb 20 16:24:45 2024

Set parameter Username
Set parameter LogFile to value "gurobi.log"
Using license file C:\Users\firuz\gurobi.lic
Academic license - for non-commercial use only - expires 2025-02-15

Gurobi 11.0.0 (win64, gurobi_cl) logging started Tue Feb 20 16:27:06 2024

Set parameter Username
Set parameter LogFile to value "gurobi.log"
Using license file C:\Users\firuz\gurobi.lic
Academic license - for non-commercial use only - expires 2025-02-15

Gurobi 11.0.0 (win64, gurobi_cl) logging started Tue Feb 20 16:27:34 2024

Set parameter Username
Set parameter LogFile to value "gurobi.log"
Using license file C:\Users\firuz\gurobi.lic
Academic license - for non-commercial use only - expires 2025-02-15

Gurobi 11.0.0 (win64, gurobi_cl) logging started Tue Feb 20 16:27:48 2024

Set parameter Username
Set parameter LogFile to value "gurobi.log"
Using license file C:\Users\firuz\gurobi.lic
Academic license - for non-commercial use only - expires 2025-02-15

Gurobi 11.0.0 (win64, gurobi_cl) logging started Tue Feb 20 16:55:46 2024

Set parameter Username
Set parameter LogFile to value "gurobi.log"
Using license file C:\Users\firuz\gurobi.lic
Academic license - for non-commercial use only - expires 2025-02-15

Gurobi 11.0.0 (win64, gurobi_cl) logging started Tue Feb 20 18:53:01 2024

Set parameter Username
Set parameter LogFile to value "gurobi.log"
Using license file C:\Users\firuz\gurobi.lic
Academic license - for non-commercial use only - expires 2025-02-15

Gurobi 11.0.0 (win64, gurobi_cl) logging started Tue Feb 20 18:53:06 2024

Set parameter Username
Set parameter LogFile to value "gurobi.log"
Using license file C:\Users\firuz\gurobi.lic
Academic license - for non-commercial use only - expires 2025-02-15

Gurobi 11.0.0 (win64, gurobi_cl) logging started Tue Feb 20 18:53:12 2024

Set parameter Username
Set parameter LogFile to value "gurobi.log"
Using license file C:\Users\firuz\gurobi.lic
Academic license - for non-commercial use only - expires 2025-02-15

Gurobi 11.0.0 (win64, gurobi_cl) logging started Tue Feb 20 18:53:56 2024

Set parameter Username
Set parameter LogFile to value "gurobi.log"
Using license file C:\Users\firuz\gurobi.lic
Academic license - for non-commercial use only - expires 2025-02-15

Gurobi 11.0.0 (win64, gurobi_cl) logging started Tue Feb 20 19:22:12 2024

Set parameter Username
Set parameter LogFile to value "gurobi.log"
Using license file C:\Users\firuz\gurobi.lic
Academic license - for non-commercial use only - expires 2025-02-15

Gurobi 11.0.0 (win64, gurobi_cl) logging started Tue Feb 20 19:42:45 2024

Set parameter Username
Set parameter LogFile to value "gurobi.log"
Using license file C:\Users\firuz\gurobi.lic
Academic license - for non-commercial use only - expires 2025-02-15

Gurobi 11.0.0 (win64, gurobi_cl) logging started Tue Feb 20 19:43:27 2024

Set parameter Username
Set parameter LogFile to value "gurobi.log"
Using license file C:\Users\firuz\gurobi.lic
Academic license - for non-commercial use only - expires 2025-02-15

Gurobi 11.0.0 (win64, gurobi_cl) logging started Tue Feb 20 19:44:08 2024

Set parameter Username
Set parameter LogFile to value "gurobi.log"
Using license file C:\Users\firuz\gurobi.lic
Academic license - for non-commercial use only - expires 2025-02-15

Gurobi 11.0.0 (win64, gurobi_cl) logging started Tue Feb 20 19:45:38 2024

Set parameter Username
Set parameter LogFile to value "gurobi.log"
Using license file C:\Users\firuz\gurobi.lic
Academic license - for non-commercial use only - expires 2025-02-15

Gurobi 11.0.0 (win64, gurobi_cl) logging started Tue Feb 20 19:45:42 2024

Set parameter Username
Set parameter LogFile to value "gurobi.log"
Using license file C:\Users\firuz\gurobi.lic
Academic license - for non-commercial use only - expires 2025-02-15

Gurobi 11.0.0 (win64, gurobi_cl) logging started Tue Feb 20 19:45:47 2024

Set parameter Username
Set parameter LogFile to value "gurobi.log"
Using license file C:\Users\firuz\gurobi.lic
Academic license - for non-commercial use only - expires 2025-02-15

Gurobi 11.0.0 (win64, gurobi_cl) logging started Tue Feb 20 19:46:52 2024

Set parameter Username
Set parameter LogFile to value "gurobi.log"
Using license file C:\Users\firuz\gurobi.lic
Academic license - for non-commercial use only - expires 2025-02-15

Gurobi 11.0.0 (win64, gurobi_cl) logging started Wed Feb 21 08:34:36 2024

Set parameter Username
Set parameter LogFile to value "gurobi.log"
Using license file C:\Users\firuz\gurobi.lic
Academic license - for non-commercial use only - expires 2025-02-15

Gurobi 11.0.0 (win64, gurobi_cl) logging started Wed Feb 21 09:46:53 2024

Set parameter Username
Set parameter LogFile to value "gurobi.log"
Using license file C:\Users\firuz\gurobi.lic
Academic license - for non-commercial use only - expires 2025-02-15

Gurobi 11.0.0 (win64, gurobi_cl) logging started Wed Feb 21 09:46:56 2024

Set parameter Username
Set parameter LogFile to value "gurobi.log"
Using license file C:\Users\firuz\gurobi.lic
Academic license - for non-commercial use only - expires 2025-02-15

Gurobi 11.0.0 (win64, gurobi_cl) logging started Wed Feb 21 09:47:02 2024

Set parameter Username
Set parameter LogFile to value "gurobi.log"
Using license file C:\Users\firuz\gurobi.lic
Academic license - for non-commercial use only - expires 2025-02-15

Gurobi 11.0.0 (win64, gurobi_cl) logging started Thu Feb 22 15:38:39 2024

Set parameter Username
Set parameter LogFile to value "gurobi.log"
Using license file C:\Users\firuz\gurobi.lic
Academic license - for non-commercial use only - expires 2025-02-15

Gurobi 11.0.0 (win64, gurobi_cl) logging started Thu Feb 22 15:38:48 2024

Set parameter Username
Set parameter LogFile to value "gurobi.log"
Using license file C:\Users\firuz\gurobi.lic
Academic license - for non-commercial use only - expires 2025-02-15

Gurobi 11.0.0 (win64, gurobi_cl) logging started Thu Feb 22 15:38:53 2024

Set parameter Username
Set parameter LogFile to value "gurobi.log"
Using license file C:\Users\firuz\gurobi.lic
Academic license - for non-commercial use only - expires 2025-02-15

Gurobi 11.0.0 (win64, gurobi_cl) logging started Fri Feb 23 17:21:33 2024

Set parameter Username
Set parameter LogFile to value "gurobi.log"
Using license file C:\Users\firuz\gurobi.lic
Academic license - for non-commercial use only - expires 2025-02-15

Gurobi 11.0.0 (win64, gurobi_cl) logging started Fri Feb 23 17:21:56 2024

Set parameter Username
Set parameter LogFile to value "gurobi.log"
Using license file C:\Users\firuz\gurobi.lic
Academic license - for non-commercial use only - expires 2025-02-15

Gurobi 11.0.0 (win64, gurobi_cl) logging started Fri Feb 23 17:23:52 2024

Set parameter Username
Set parameter LogFile to value "gurobi.log"
Using license file C:\Users\firuz\gurobi.lic
Academic license - for non-commercial use only - expires 2025-02-15

Gurobi 11.0.0 (win64, gurobi_cl) logging started Fri Feb 23 17:24:04 2024

Set parameter Username
Set parameter LogFile to value "gurobi.log"
Using license file C:\Users\firuz\gurobi.lic
Academic license - for non-commercial use only - expires 2025-02-15

Gurobi 11.0.0 (win64, gurobi_cl) logging started Fri Feb 23 19:20:04 2024

Set parameter Username
Set parameter LogFile to value "gurobi.log"
Using license file C:\Users\firuz\gurobi.lic
Academic license - for non-commercial use only - expires 2025-02-15

Gurobi 11.0.0 (win64, gurobi_cl) logging started Sun Feb 25 23:28:04 2024

Set parameter Username
Set parameter LogFile to value "gurobi.log"
Using license file C:\Users\firuz\gurobi.lic
Academic license - for non-commercial use only - expires 2025-02-15

Gurobi 11.0.0 (win64, gurobi_cl) logging started Sun Feb 25 23:28:37 2024

Set parameter Username
Set parameter LogFile to value "gurobi.log"
Using license file C:\Users\firuz\gurobi.lic
Academic license - for non-commercial use only - expires 2025-02-15

Gurobi 11.0.0 (win64, gurobi_cl) logging started Sun Feb 25 23:29:27 2024

Set parameter Username
Set parameter LogFile to value "gurobi.log"
Using license file C:\Users\firuz\gurobi.lic
Academic license - for non-commercial use only - expires 2025-02-15

Gurobi 11.0.0 (win64, gurobi_cl) logging started Sun Feb 25 23:43:38 2024

Set parameter Username
Set parameter LogFile to value "gurobi.log"
Using license file C:\Users\firuz\gurobi.lic
Academic license - for non-commercial use only - expires 2025-02-15

Gurobi 11.0.0 (win64, gurobi_cl) logging started Sun Feb 25 23:43:51 2024

Set parameter Username
Set parameter LogFile to value "gurobi.log"
Using license file C:\Users\firuz\gurobi.lic
Academic license - for non-commercial use only - expires 2025-02-15

Gurobi 11.0.0 (win64, gurobi_cl) logging started Mon Feb 26 00:08:27 2024

Set parameter Username
Set parameter LogFile to value "gurobi.log"
Using license file C:\Users\firuz\gurobi.lic
Academic license - for non-commercial use only - expires 2025-02-15

Gurobi 11.0.0 (win64, gurobi_cl) logging started Mon Feb 26 00:17:38 2024

Set parameter Username
Set parameter LogFile to value "gurobi.log"
Using license file C:\Users\firuz\gurobi.lic
Academic license - for non-commercial use only - expires 2025-02-15

Gurobi 11.0.0 (win64, gurobi_cl) logging started Mon Feb 26 00:21:50 2024

Set parameter Username
Set parameter LogFile to value "gurobi.log"
Using license file C:\Users\firuz\gurobi.lic
Academic license - for non-commercial use only - expires 2025-02-15

Gurobi 11.0.0 (win64, gurobi_cl) logging started Mon Feb 26 02:32:26 2024

Set parameter Username
Set parameter LogFile to value "gurobi.log"
Using license file C:\Users\firuz\gurobi.lic
Academic license - for non-commercial use only - expires 2025-02-15

Gurobi 11.0.0 (win64, gurobi_cl) logging started Mon Feb 26 02:39:45 2024

Set parameter Username
Set parameter LogFile to value "gurobi.log"
Using license file C:\Users\firuz\gurobi.lic
Academic license - for non-commercial use only - expires 2025-02-15

Gurobi 11.0.0 (win64, gurobi_cl) logging started Mon Feb 26 03:04:12 2024

Set parameter Username
Set parameter LogFile to value "gurobi.log"
Using license file C:\Users\firuz\gurobi.lic
Academic license - for non-commercial use only - expires 2025-02-15

Gurobi 11.0.0 (win64, gurobi_cl) logging started Mon Feb 26 03:04:38 2024

Set parameter Username
Set parameter LogFile to value "gurobi.log"
Using license file C:\Users\firuz\gurobi.lic
Academic license - for non-commercial use only - expires 2025-02-15

Gurobi 11.0.0 (win64, gurobi_cl) logging started Mon Feb 26 03:05:06 2024

Set parameter Username
Set parameter LogFile to value "gurobi.log"
Using license file C:\Users\firuz\gurobi.lic
Academic license - for non-commercial use only - expires 2025-02-15

Gurobi 11.0.0 (win64, gurobi_cl) logging started Mon Feb 26 03:06:23 2024

Set parameter Username
Set parameter LogFile to value "gurobi.log"
Using license file C:\Users\firuz\gurobi.lic
Academic license - for non-commercial use only - expires 2025-02-15

Gurobi 11.0.0 (win64, gurobi_cl) logging started Mon Feb 26 03:19:19 2024

Set parameter Username
Set parameter LogFile to value "gurobi.log"
Using license file C:\Users\firuz\gurobi.lic
Academic license - for non-commercial use only - expires 2025-02-15

Gurobi 11.0.0 (win64, gurobi_cl) logging started Mon Feb 26 03:25:56 2024

Set parameter Username
Set parameter LogFile to value "gurobi.log"
Using license file C:\Users\firuz\gurobi.lic
Academic license - for non-commercial use only - expires 2025-02-15

Gurobi 11.0.0 (win64, gurobi_cl) logging started Mon Feb 26 03:26:26 2024

Set parameter Username
Set parameter LogFile to value "gurobi.log"
Using license file C:\Users\firuz\gurobi.lic
Academic license - for non-commercial use only - expires 2025-02-15

Gurobi 11.0.0 (win64, gurobi_cl) logging started Mon Feb 26 03:27:01 2024

Set parameter Username
Set parameter LogFile to value "gurobi.log"
Using license file C:\Users\firuz\gurobi.lic
Academic license - for non-commercial use only - expires 2025-02-15

Gurobi 11.0.0 (win64, gurobi_cl) logging started Mon Feb 26 03:27:04 2024

Set parameter Username
Set parameter LogFile to value "gurobi.log"
Using license file C:\Users\firuz\gurobi.lic
Academic license - for non-commercial use only - expires 2025-02-15

Gurobi 11.0.0 (win64, gurobi_cl) logging started Mon Feb 26 03:27:07 2024

Set parameter Username
Set parameter LogFile to value "gurobi.log"
Using license file C:\Users\firuz\gurobi.lic
Academic license - for non-commercial use only - expires 2025-02-15

Gurobi 11.0.0 (win64, gurobi_cl) logging started Mon Feb 26 03:27:13 2024

Set parameter Username
Set parameter LogFile to value "gurobi.log"
Using license file C:\Users\firuz\gurobi.lic
Academic license - for non-commercial use only - expires 2025-02-15

Gurobi 11.0.0 (win64, gurobi_cl) logging started Mon Feb 26 03:28:26 2024

Set parameter Username
Set parameter LogFile to value "gurobi.log"
Using license file C:\Users\firuz\gurobi.lic
Academic license - for non-commercial use only - expires 2025-02-15

Gurobi 11.0.0 (win64, gurobi_cl) logging started Mon Feb 26 03:29:05 2024

Set parameter Username
Set parameter LogFile to value "gurobi.log"
Using license file C:\Users\firuz\gurobi.lic
Academic license - for non-commercial use only - expires 2025-02-15

Gurobi 11.0.0 (win64, gurobi_cl) logging started Mon Feb 26 03:29:29 2024

Set parameter Username
Set parameter LogFile to value "gurobi.log"
Using license file C:\Users\firuz\gurobi.lic
Academic license - for non-commercial use only - expires 2025-02-15

Gurobi 11.0.0 (win64, gurobi_cl) logging started Mon Feb 26 03:30:03 2024

Set parameter Username
Set parameter LogFile to value "gurobi.log"
Using license file C:\Users\firuz\gurobi.lic
Academic license - for non-commercial use only - expires 2025-02-15

Gurobi 11.0.0 (win64, gurobi_cl) logging started Mon Feb 26 03:30:52 2024

Set parameter Username
Set parameter LogFile to value "gurobi.log"
Using license file C:\Users\firuz\gurobi.lic
Academic license - for non-commercial use only - expires 2025-02-15

Gurobi 11.0.0 (win64, gurobi_cl) logging started Mon Feb 26 03:38:49 2024

Set parameter Username
Set parameter LogFile to value "gurobi.log"
Using license file C:\Users\firuz\gurobi.lic
Academic license - for non-commercial use only - expires 2025-02-15

Gurobi 11.0.0 (win64, gurobi_cl) logging started Mon Mar 11 13:19:11 2024

Set parameter Username
Set parameter LogFile to value "gurobi.log"
Using license file C:\Users\firuz\gurobi.lic
Academic license - for non-commercial use only - expires 2025-02-15

Gurobi 11.0.0 (win64, gurobi_cl) logging started Mon Mar 11 13:19:34 2024

Set parameter Username
Set parameter LogFile to value "gurobi.log"
Using license file C:\Users\firuz\gurobi.lic
Academic license - for non-commercial use only - expires 2025-02-15

Gurobi 11.0.0 (win64, gurobi_cl) logging started Mon Mar 11 13:35:36 2024

Set parameter Username
Set parameter LogFile to value "gurobi.log"
Using license file C:\Users\firuz\gurobi.lic
Academic license - for non-commercial use only - expires 2025-02-15

Gurobi 11.0.0 (win64, gurobi_cl) logging started Sat Mar 16 02:43:43 2024

Set parameter Username
Set parameter LogFile to value "gurobi.log"
Using license file C:\Users\firuz\gurobi.lic
Academic license - for non-commercial use only - expires 2025-02-15

Gurobi 11.0.0 (win64, gurobi_cl) logging started Sat Mar 16 03:11:44 2024

Set parameter Username
Set parameter LogFile to value "gurobi.log"
Using license file C:\Users\firuz\gurobi.lic
Academic license - for non-commercial use only - expires 2025-02-15

Gurobi 11.0.0 (win64, gurobi_cl) logging started Sat Mar 16 03:15:38 2024

Set parameter Username
Set parameter LogFile to value "gurobi.log"
Using license file C:\Users\firuz\gurobi.lic
Academic license - for non-commercial use only - expires 2025-02-15

Gurobi 11.0.0 (win64, gurobi_cl) logging started Sat Mar 16 03:17:36 2024

Set parameter Username
Set parameter LogFile to value "gurobi.log"
Using license file C:\Users\firuz\gurobi.lic
Academic license - for non-commercial use only - expires 2025-02-15

Gurobi 11.0.0 (win64, gurobi_cl) logging started Sun Mar 17 02:28:22 2024

Set parameter Username
Set parameter LogFile to value "gurobi.log"
Using license file C:\Users\firuz\gurobi.lic
Academic license - for non-commercial use only - expires 2025-02-15

Gurobi 11.0.0 (win64, gurobi_cl) logging started Sun Mar 17 02:28:29 2024

Set parameter Username
Set parameter LogFile to value "gurobi.log"
Using license file C:\Users\firuz\gurobi.lic
Academic license - for non-commercial use only - expires 2025-02-15

Gurobi 11.0.0 (win64, gurobi_cl) logging started Sun Mar 17 02:28:35 2024

Set parameter Username
Set parameter LogFile to value "gurobi.log"
Using license file C:\Users\firuz\gurobi.lic
Academic license - for non-commercial use only - expires 2025-02-15

Gurobi 11.0.0 (win64, gurobi_cl) logging started Sun Mar 17 02:28:58 2024

Set parameter Username
Set parameter LogFile to value "gurobi.log"
Using license file C:\Users\firuz\gurobi.lic
Academic license - for non-commercial use only - expires 2025-02-15

Gurobi 11.0.0 (win64, gurobi_cl) logging started Sun Mar 17 02:29:25 2024

Set parameter Username
Set parameter LogFile to value "gurobi.log"
Using license file C:\Users\firuz\gurobi.lic
Academic license - for non-commercial use only - expires 2025-02-15

Gurobi 11.0.0 (win64, gurobi_cl) logging started Sun Jun 30 04:40:08 2024

Set parameter Username
Set parameter LogFile to value "gurobi.log"
Using license file C:\Users\firuz\gurobi.lic
Academic license - for non-commercial use only - expires 2025-02-15

Gurobi 11.0.0 (win64, gurobi_cl) logging started Sun Jun 30 04:40:26 2024

Set parameter Username
Set parameter LogFile to value "gurobi.log"
Using license file C:\Users\firuz\gurobi.lic
Academic license - for non-commercial use only - expires 2025-02-15

Gurobi 11.0.0 (win64, gurobi_cl) logging started Sun Jun 30 04:40:52 2024

Set parameter Username
Set parameter LogFile to value "gurobi.log"
Using license file C:\Users\firuz\gurobi.lic
Academic license - for non-commercial use only - expires 2025-02-15

Gurobi 11.0.0 (win64, gurobi_cl) logging started Sun Jun 30 04:51:20 2024

Set parameter Username
Set parameter LogFile to value "gurobi.log"
Using license file C:\Users\firuz\gurobi.lic
Academic license - for non-commercial use only - expires 2025-02-15

Gurobi 11.0.0 (win64, gurobi_cl) logging started Sun Jun 30 05:00:40 2024

Set parameter Username
Set parameter LogFile to value "gurobi.log"
Using license file C:\Users\firuz\gurobi.lic
Academic license - for non-commercial use only - expires 2025-02-15

Gurobi 11.0.0 (win64, gurobi_cl) logging started Sun Jun 30 05:17:56 2024

Set parameter Username
Set parameter LogFile to value "gurobi.log"
Using license file C:\Users\firuz\gurobi.lic
Academic license - for non-commercial use only - expires 2025-02-15

Gurobi 11.0.0 (win64, gurobi_cl) logging started Sun Jun 30 05:26:54 2024

Set parameter Username
Set parameter LogFile to value "gurobi.log"
Using license file C:\Users\firuz\gurobi.lic
Academic license - for non-commercial use only - expires 2025-02-15

Gurobi 11.0.0 (win64, gurobi_cl) logging started Sun Jun 30 05:37:40 2024

Set parameter Username
Set parameter LogFile to value "gurobi.log"
Using license file C:\Users\firuz\gurobi.lic
Academic license - for non-commercial use only - expires 2025-02-15

Gurobi 11.0.0 (win64, gurobi_cl) logging started Sun Jun 30 05:40:22 2024

Set parameter Username
Set parameter LogFile to value "gurobi.log"
Using license file C:\Users\firuz\gurobi.lic
Academic license - for non-commercial use only - expires 2025-02-15

Gurobi 11.0.0 (win64, gurobi_cl) logging started Sun Jun 30 05:42:15 2024

Set parameter Username
Set parameter LogFile to value "gurobi.log"
Using license file C:\Users\firuz\gurobi.lic
Academic license - for non-commercial use only - expires 2025-02-15

Gurobi 11.0.0 (win64, gurobi_cl) logging started Sun Jun 30 07:06:15 2024

Set parameter Username
Set parameter LogFile to value "gurobi.log"
Using license file C:\Users\firuz\gurobi.lic
Academic license - for non-commercial use only - expires 2025-02-15

Gurobi 11.0.0 (win64, gurobi_cl) logging started Sun Jun 30 07:07:09 2024

Set parameter Username
Set parameter LogFile to value "gurobi.log"
Using license file C:\Users\firuz\gurobi.lic
Academic license - for non-commercial use only - expires 2025-02-15

Gurobi 11.0.0 (win64, gurobi_cl) logging started Mon Jul 15 23:55:21 2024

Set parameter Username
Set parameter LogFile to value "gurobi.log"
Using license file C:\Users\firuz\gurobi.lic
Academic license - for non-commercial use only - expires 2025-02-15

Gurobi 11.0.0 (win64, gurobi_cl) logging started Tue Jul 16 01:14:42 2024

Set parameter Username
Set parameter LogFile to value "gurobi.log"
Using license file C:\Users\firuz\gurobi.lic
Academic license - for non-commercial use only - expires 2025-02-15

Gurobi 11.0.0 (win64, gurobi_cl) logging started Tue Jul 16 01:15:14 2024

Set parameter Username
Set parameter LogFile to value "gurobi.log"
Using license file C:\Users\firuz\gurobi.lic
Academic license - for non-commercial use only - expires 2025-02-15

Gurobi 11.0.0 (win64, gurobi_cl) logging started Tue Jul 16 01:15:45 2024

Set parameter Username
Set parameter LogFile to value "gurobi.log"
Using license file C:\Users\firuz\gurobi.lic
Academic license - for non-commercial use only - expires 2025-02-15

Gurobi 11.0.0 (win64, gurobi_cl) logging started Tue Jul 16 01:26:08 2024

Set parameter Username
Set parameter LogFile to value "gurobi.log"
Using license file C:\Users\firuz\gurobi.lic
Academic license - for non-commercial use only - expires 2025-02-15

Gurobi 11.0.0 (win64, gurobi_cl) logging started Tue Jul 16 01:29:40 2024

Set parameter Username
Set parameter LogFile to value "gurobi.log"
Using license file C:\Users\firuz\gurobi.lic
Academic license - for non-commercial use only - expires 2025-02-15

Gurobi 11.0.0 (win64, gurobi_cl) logging started Tue Jul 16 07:45:52 2024

Set parameter Username
Set parameter LogFile to value "gurobi.log"
Using license file C:\Users\firuz\gurobi.lic
Academic license - for non-commercial use only - expires 2025-02-15

Gurobi 11.0.0 (win64, gurobi_cl) logging started Sat Nov  2 23:53:09 2024

Set parameter Username
Set parameter LogFile to value "gurobi.log"
Using license file C:\Users\firuz\gurobi.lic
Academic license - for non-commercial use only - expires 2025-02-15

Gurobi 11.0.0 (win64, gurobi_cl) logging started Sun Nov  3 00:09:38 2024

Set parameter Username
Set parameter LogFile to value "gurobi.log"
Using license file C:\Users\firuz\gurobi.lic
Academic license - for non-commercial use only - expires 2025-02-15

Gurobi 11.0.0 (win64, gurobi_cl) logging started Sun Nov  3 00:09:55 2024

Set parameter Username
Set parameter LogFile to value "gurobi.log"
Using license file C:\Users\firuz\gurobi.lic
Academic license - for non-commercial use only - expires 2025-02-15

Gurobi 11.0.0 (win64, gurobi_cl) logging started Sun Nov  3 00:10:00 2024

Set parameter Username
Set parameter LogFile to value "gurobi.log"
Using license file C:\Users\firuz\gurobi.lic
Academic license - for non-commercial use only - expires 2025-02-15

Gurobi 11.0.0 (win64, gurobi_cl) logging started Sun Nov  3 00:10:04 2024

Set parameter Username
Set parameter LogFile to value "gurobi.log"
Using license file C:\Users\firuz\gurobi.lic
Academic license - for non-commercial use only - expires 2025-02-15

Gurobi 11.0.0 (win64, gurobi_cl) logging started Sun Nov  3 00:11:35 2024

Set parameter Username
Set parameter LogFile to value "gurobi.log"
Using license file C:\Users\firuz\gurobi.lic
Academic license - for non-commercial use only - expires 2025-02-15

Gurobi 11.0.0 (win64, gurobi_cl) logging started Sun Nov  3 00:11:51 2024

Set parameter Username
Set parameter LogFile to value "gurobi.log"
Using license file C:\Users\firuz\gurobi.lic
Academic license - for non-commercial use only - expires 2025-02-15

Gurobi 11.0.0 (win64, gurobi_cl) logging started Sun Nov  3 00:12:49 2024

Set parameter Username
Set parameter LogFile to value "gurobi.log"
Using license file C:\Users\firuz\gurobi.lic
Academic license - for non-commercial use only - expires 2025-02-15

Gurobi 11.0.0 (win64, gurobi_cl) logging started Sun Nov  3 00:22:34 2024

Set parameter Username
Set parameter LogFile to value "gurobi.log"
Using license file C:\Users\firuz\gurobi.lic
Academic license - for non-commercial use only - expires 2025-02-15

Gurobi 11.0.0 (win64, gurobi_cl) logging started Sun Nov  3 00:23:05 2024

Set parameter Username
Set parameter LogFile to value "gurobi.log"
Using license file C:\Users\firuz\gurobi.lic
Academic license - for non-commercial use only - expires 2025-02-15

Gurobi 11.0.0 (win64, gurobi_cl) logging started Sun Nov  3 00:23:23 2024

Set parameter Username
Set parameter LogFile to value "gurobi.log"
Using license file C:\Users\firuz\gurobi.lic
Academic license - for non-commercial use only - expires 2025-02-15

Gurobi 11.0.0 (win64, gurobi_cl) logging started Sun Nov  3 00:24:57 2024

Set parameter Username
Set parameter LogFile to value "gurobi.log"
Using license file C:\Users\firuz\gurobi.lic
Academic license - for non-commercial use only - expires 2025-02-15

Gurobi 11.0.0 (win64, gurobi_cl) logging started Sun Nov  3 00:26:24 2024

Set parameter Username
Set parameter LogFile to value "gurobi.log"
Using license file C:\Users\firuz\gurobi.lic
Academic license - for non-commercial use only - expires 2025-02-15

Gurobi 11.0.0 (win64, gurobi_cl) logging started Sun Nov  3 00:34:19 2024

Set parameter Username
Set parameter LogFile to value "gurobi.log"
Using license file C:\Users\firuz\gurobi.lic
Academic license - for non-commercial use only - expires 2025-02-15

Gurobi 11.0.0 (win64, gurobi_cl) logging started Sun Nov  3 00:45:25 2024

Set parameter Username
Set parameter LogFile to value "gurobi.log"
Using license file C:\Users\firuz\gurobi.lic
Academic license - for non-commercial use only - expires 2025-02-15

Gurobi 11.0.0 (win64, gurobi_cl) logging started Sun Nov  3 00:50:00 2024

Set parameter Username
Set parameter LogFile to value "gurobi.log"
Using license file C:\Users\firuz\gurobi.lic
Academic license - for non-commercial use only - expires 2025-02-15

Gurobi 11.0.0 (win64, gurobi_cl) logging started Sun Nov  3 00:58:33 2024

Set parameter Username
Set parameter LogFile to value "gurobi.log"
Using license file C:\Users\firuz\gurobi.lic
Academic license - for non-commercial use only - expires 2025-02-15

Gurobi 11.0.0 (win64, gurobi_cl) logging started Sun Apr 20 17:41:31 2025

Set parameter Username
Set parameter LogFile to value "gurobi.log"
Using license file C:\Users\firuz\gurobi.lic
Academic license - for non-commercial use only - expires 2025-11-12

Gurobi 11.0.0 (win64, gurobi_cl) logging started Sun Apr 20 17:56:23 2025

Set parameter Username
Set parameter LogFile to value "gurobi.log"
Using license file C:\Users\firuz\gurobi.lic
Academic license - for non-commercial use only - expires 2025-11-12

Gurobi 11.0.0 (win64, gurobi_cl) logging started Sun Apr 20 18:10:35 2025

Set parameter Username
Set parameter LogFile to value "gurobi.log"
Using license file C:\Users\firuz\gurobi.lic
Academic license - for non-commercial use only - expires 2025-11-12
